<?xml version="1.0" encoding="UTF-8"?>
<testsuite xmlns:xsi="http://www.w3.org/2001/XMLSchema-instance" xsi:noNamespaceSchemaLocation="https://maven.apache.org/surefire/maven-surefire-plugin/xsd/surefire-test-report-3.0.xsd" version="3.0" name="org.jadg.ApplicationTest" time="0.076" tests="1" errors="0" skipped="0" failures="0">
  <properties>
    <property name="java.specification.version" value="19"/>
    <property name="sun.jnu.encoding" value="UTF-8"/>
    <property name="java.class.path" value="/home/jadg/Documentos/egg4/performance/clase_06_jmeter_java/jmeter01/target/test-classes:/home/jadg/Documentos/egg4/performance/clase_06_jmeter_java/jmeter01/target/classes:/home/jadg/.m2/repository/org/junit/jupiter/junit-jupiter-engine/5.9.2/junit-jupiter-engine-5.9.2.jar:/home/jadg/.m2/repository/org/junit/platform/junit-platform-engine/1.9.2/junit-platform-engine-1.9.2.jar:/home/jadg/.m2/repository/org/opentest4j/opentest4j/1.2.0/opentest4j-1.2.0.jar:/home/jadg/.m2/repository/org/junit/platform/junit-platform-commons/1.9.2/junit-platform-commons-1.9.2.jar:/home/jadg/.m2/repository/org/junit/jupiter/junit-jupiter-api/5.9.2/junit-jupiter-api-5.9.2.jar:/home/jadg/.m2/repository/org/apiguardian/apiguardian-api/1.1.2/apiguardian-api-1.1.2.jar:/home/jadg/.m2/repository/org/apache/jmeter/ApacheJMeter_java/5.4.1/ApacheJMeter_java-5.4.1.jar:/home/jadg/.m2/repository/org/apache/commons/commons-lang3/3.11/commons-lang3-3.11.jar:/home/jadg/.m2/repository/commons-io/commons-io/2.8.0/commons-io-2.8.0.jar:/home/jadg/.m2/repository/org/apache/jmeter/ApacheJMeter_core/5.4.1/ApacheJMeter_core-5.4.1.jar:/home/jadg/.m2/repository/org/apache/jmeter/ApacheJMeter/5.4.1/ApacheJMeter-5.4.1.jar:/home/jadg/.m2/repository/org/apache/jmeter/jorphan/5.4.1/jorphan-5.4.1.jar:/home/jadg/.m2/repository/org/slf4j/slf4j-api/1.7.30/slf4j-api-1.7.30.jar:/home/jadg/.m2/repository/bsf/bsf/2.4.0/bsf-2.4.0.jar:/home/jadg/.m2/repository/commons-logging/commons-logging/1.0.4/commons-logging-1.0.4.jar:/home/jadg/.m2/repository/com/fifesoft/rsyntaxtextarea/3.1.1/rsyntaxtextarea-3.1.1.jar:/home/jadg/.m2/repository/net/sf/jtidy/jtidy/r938/jtidy-r938.jar:/home/jadg/.m2/repository/com/thoughtworks/xstream/xstream/1.4.15/xstream-1.4.15.jar:/home/jadg/.m2/repository/xmlpull/xmlpull/1.1.3.1/xmlpull-1.1.3.1.jar:/home/jadg/.m2/repository/xpp3/xpp3_min/1.1.4c/xpp3_min-1.1.4c.jar:/home/jadg/.m2/repository/org/apache/logging/log4j/log4j-1.2-api/2.13.3/log4j-1.2-api-2.13.3.jar:/home/jadg/.m2/repository/org/apache/logging/log4j/log4j-api/2.13.3/log4j-api-2.13.3.jar:/home/jadg/.m2/repository/org/apache/logging/log4j/log4j-core/2.13.3/log4j-core-2.13.3.jar:/home/jadg/.m2/repository/org/apache/logging/log4j/log4j-slf4j-impl/2.13.3/log4j-slf4j-impl-2.13.3.jar:/home/jadg/.m2/repository/oro/oro/2.0.8/oro-2.0.8.jar:/home/jadg/.m2/repository/xalan/xalan/2.7.2/xalan-2.7.2.jar:/home/jadg/.m2/repository/xalan/serializer/2.7.2/serializer-2.7.2.jar:/home/jadg/.m2/repository/net/sf/saxon/Saxon-HE/9.9.1-8/Saxon-HE-9.9.1-8.jar:/home/jadg/.m2/repository/com/fasterxml/jackson/core/jackson-annotations/2.10.5/jackson-annotations-2.10.5.jar:/home/jadg/.m2/repository/com/fasterxml/jackson/core/jackson-core/2.10.5/jackson-core-2.10.5.jar:/home/jadg/.m2/repository/com/fasterxml/jackson/core/jackson-databind/2.10.5/jackson-databind-2.10.5.jar:/home/jadg/.m2/repository/com/formdev/svgSalamander/1.1.2.3/svgSalamander-1.1.2.3.jar:/home/jadg/.m2/repository/com/github/ben-manes/caffeine/caffeine/2.8.8/caffeine-2.8.8.jar:/home/jadg/.m2/repository/org/checkerframework/checker-qual/3.8.0/checker-qual-3.8.0.jar:/home/jadg/.m2/repository/com/google/errorprone/error_prone_annotations/2.4.0/error_prone_annotations-2.4.0.jar:/home/jadg/.m2/repository/com/github/weisj/darklaf-core/2.5.4/darklaf-core-2.5.4.jar:/home/jadg/.m2/repository/com/github/weisj/darklaf-utils/2.5.4/darklaf-utils-2.5.4.jar:/home/jadg/.m2/repository/com/github/weisj/darklaf-native-utils/2.5.4/darklaf-native-utils-2.5.4.jar:/home/jadg/.m2/repository/com/github/weisj/darklaf-platform-base/2.5.4/darklaf-platform-base-2.5.4.jar:/home/jadg/.m2/repository/com/github/weisj/darklaf-windows/2.5.4/darklaf-windows-2.5.4.jar:/home/jadg/.m2/repository/net/java/dev/jna/jna/5.5.0/jna-5.5.0.jar:/home/jadg/.m2/repository/com/github/weisj/darklaf-macos/2.5.4/darklaf-macos-2.5.4.jar:/home/jadg/.m2/repository/org/swinglabs/jxlayer/3.0.4/jxlayer-3.0.4.jar:/home/jadg/.m2/repository/com/github/weisj/darklaf-theme/2.5.4/darklaf-theme-2.5.4.jar:/home/jadg/.m2/repository/com/github/weisj/darklaf-property-loader/2.5.4/darklaf-property-loader-2.5.4.jar:/home/jadg/.m2/repository/com/github/weisj/darklaf-extensions-rsyntaxarea/0.3.4/darklaf-extensions-rsyntaxarea-0.3.4.jar:/home/jadg/.m2/repository/com/miglayout/miglayout-swing/5.2/miglayout-swing-5.2.jar:/home/jadg/.m2/repository/com/miglayout/miglayout-core/5.2/miglayout-core-5.2.jar:/home/jadg/.m2/repository/commons-codec/commons-codec/1.15/commons-codec-1.15.jar:/home/jadg/.m2/repository/commons-collections/commons-collections/3.2.2/commons-collections-3.2.2.jar:/home/jadg/.m2/repository/org/apache/commons/commons-collections4/4.4/commons-collections4-4.4.jar:/home/jadg/.m2/repository/org/apache/commons/commons-math3/3.6.1/commons-math3-3.6.1.jar:/home/jadg/.m2/repository/org/apache/commons/commons-text/1.9/commons-text-1.9.jar:/home/jadg/.m2/repository/org/apache/tika/tika-core/1.24.1/tika-core-1.24.1.jar:/home/jadg/.m2/repository/org/apache/xmlgraphics/xmlgraphics-commons/2.3/xmlgraphics-commons-2.3.jar:/home/jadg/.m2/repository/org/freemarker/freemarker/2.3.30/freemarker-2.3.30.jar:/home/jadg/.m2/repository/org/jodd/jodd-core/5.0.13/jodd-core-5.0.13.jar:/home/jadg/.m2/repository/org/jodd/jodd-props/5.0.13/jodd-props-5.0.13.jar:/home/jadg/.m2/repository/org/mozilla/rhino/1.7.13/rhino-1.7.13.jar:/home/jadg/.m2/repository/org/slf4j/jcl-over-slf4j/1.7.30/jcl-over-slf4j-1.7.30.jar:/home/jadg/.m2/repository/org/codehaus/groovy/groovy/3.0.7/groovy-3.0.7.jar:/home/jadg/.m2/repository/org/codehaus/groovy/groovy-dateutil/3.0.7/groovy-dateutil-3.0.7.jar:/home/jadg/.m2/repository/org/codehaus/groovy/groovy-datetime/3.0.7/groovy-datetime-3.0.7.jar:/home/jadg/.m2/repository/org/codehaus/groovy/groovy-jmx/3.0.7/groovy-jmx-3.0.7.jar:/home/jadg/.m2/repository/org/codehaus/groovy/groovy-json/3.0.7/groovy-json-3.0.7.jar:/home/jadg/.m2/repository/org/codehaus/groovy/groovy-jsr223/3.0.7/groovy-jsr223-3.0.7.jar:/home/jadg/.m2/repository/org/codehaus/groovy/groovy-sql/3.0.7/groovy-sql-3.0.7.jar:/home/jadg/.m2/repository/org/codehaus/groovy/groovy-templates/3.0.7/groovy-templates-3.0.7.jar:/home/jadg/.m2/repository/org/codehaus/groovy/groovy-xml/3.0.7/groovy-xml-3.0.7.jar:/home/jadg/.m2/repository/org/apache/tika/tika-parsers/1.24.1/tika-parsers-1.24.1.jar:/home/jadg/.m2/repository/xerces/xercesImpl/2.12.0/xercesImpl-2.12.0.jar:/home/jadg/.m2/repository/xml-apis/xml-apis/1.4.01/xml-apis-1.4.01.jar:/home/jadg/.m2/repository/org/apache/jmeter/ApacheJMeter_http/5.4.1/ApacheJMeter_http-5.4.1.jar:/home/jadg/.m2/repository/org/jodd/jodd-lagarto/5.0.13/jodd-lagarto-5.0.13.jar:/home/jadg/.m2/repository/org/jsoup/jsoup/1.13.1/jsoup-1.13.1.jar:/home/jadg/.m2/repository/commons-net/commons-net/3.7.2/commons-net-3.7.2.jar:/home/jadg/.m2/repository/com/helger/ph-commons/9.5.1/ph-commons-9.5.1.jar:/home/jadg/.m2/repository/com/helger/ph-css/6.2.3/ph-css-6.2.3.jar:/home/jadg/.m2/repository/dnsjava/dnsjava/2.1.9/dnsjava-2.1.9.jar:/home/jadg/.m2/repository/org/apache/httpcomponents/httpmime/4.5.12/httpmime-4.5.12.jar:/home/jadg/.m2/repository/org/apache/httpcomponents/httpclient/4.5.12/httpclient-4.5.12.jar:/home/jadg/.m2/repository/org/apache/httpcomponents/httpcore/4.4.13/httpcore-4.4.13.jar:/home/jadg/.m2/repository/org/brotli/dec/0.1.2/dec-0.1.2.jar:/home/jadg/.m2/repository/org/apache/jmeter/ApacheJMeter_components/5.4.1/ApacheJMeter_components-5.4.1.jar:/home/jadg/.m2/repository/org/apache-extras/beanshell/bsh/2.0b6/bsh-2.0b6.jar:/home/jadg/.m2/repository/javax/mail/mail/1.5.0-b01/mail-1.5.0-b01.jar:/home/jadg/.m2/repository/io/burt/jmespath-core/0.5.0/jmespath-core-0.5.0.jar:/home/jadg/.m2/repository/io/burt/jmespath-jackson/0.5.0/jmespath-jackson-0.5.0.jar:/home/jadg/.m2/repository/jcharts/jcharts/0.7.5/jcharts-0.7.5.jar:/home/jadg/.m2/repository/net/minidev/json-smart/2.3/json-smart-2.3.jar:/home/jadg/.m2/repository/net/minidev/accessors-smart/1.2/accessors-smart-1.2.jar:/home/jadg/.m2/repository/org/apache/commons/commons-pool2/2.9.0/commons-pool2-2.9.0.jar:/home/jadg/.m2/repository/org/ow2/asm/asm/9.0/asm-9.0.jar:/home/jadg/.m2/repository/org/jodd/jodd-log/5.0.13/jodd-log-5.0.13.jar:/home/jadg/.m2/repository/com/jayway/jsonpath/json-path/2.4.0/json-path-2.4.0.jar:/home/jadg/.m2/repository/org/apache/httpcomponents/httpasyncclient/4.1.4/httpasyncclient-4.1.4.jar:/home/jadg/.m2/repository/org/apache/httpcomponents/httpcore-nio/4.4.13/httpcore-nio-4.4.13.jar:/home/jadg/.m2/repository/com/sun/activation/javax.activation/1.2.0/javax.activation-1.2.0.jar:/home/jadg/.m2/repository/kg/apc/jmeter-plugins-common/1.4.0/jmeter-plugins-common-1.4.0.jar:/home/jadg/.m2/repository/org/apache/jmeter/ApacheJMeter_tcp/2.13/ApacheJMeter_tcp-2.13.jar:/home/jadg/.m2/repository/avalon-framework/avalon-framework/4.1.4/avalon-framework-4.1.4.jar:/home/jadg/.m2/repository/org/beanshell/bsh/2.0b5/bsh-2.0b5.jar:/home/jadg/.m2/repository/org/bouncycastle/bcmail-jdk15on/1.49/bcmail-jdk15on-1.49.jar:/home/jadg/.m2/repository/org/bouncycastle/bcprov-jdk15on/1.49/bcprov-jdk15on-1.49.jar:/home/jadg/.m2/repository/org/bouncycastle/bcpkix-jdk15on/1.49/bcpkix-jdk15on-1.49.jar:/home/jadg/.m2/repository/commons-httpclient/commons-httpclient/3.1/commons-httpclient-3.1.jar:/home/jadg/.m2/repository/commons-jexl/commons-jexl/1.1/commons-jexl-1.1.jar:/home/jadg/.m2/repository/org/apache/commons/commons-jexl/2.1.1/commons-jexl-2.1.1.jar:/home/jadg/.m2/repository/excalibur-datasource/excalibur-datasource/2.1/excalibur-datasource-2.1.jar:/home/jadg/.m2/repository/hsqldb/hsqldb/1.8.0.1/hsqldb-1.8.0.1.jar:/home/jadg/.m2/repository/avalon-framework/avalon-framework-api/4.3/avalon-framework-api-4.3.jar:/home/jadg/.m2/repository/avalon-framework/avalon-framework-impl/4.3/avalon-framework-impl-4.3.jar:/home/jadg/.m2/repository/xml-apis/xmlParserAPIs/2.0.2/xmlParserAPIs-2.0.2.jar:/home/jadg/.m2/repository/log4j/log4j/1.2.11/log4j-1.2.11.jar:/home/jadg/.m2/repository/jmock/jmock/1.0.1/jmock-1.0.1.jar:/home/jadg/.m2/repository/avalon-logkit/avalon-logkit/2.1/avalon-logkit-2.1.jar:/home/jadg/.m2/repository/javax/servlet/servlet-api/2.3/servlet-api-2.3.jar:/home/jadg/.m2/repository/geronimo-spec/geronimo-spec-javamail/1.3.1-rc3/geronimo-spec-javamail-1.3.1-rc3.jar:/home/jadg/.m2/repository/geronimo-spec/geronimo-spec-jms/1.1-rc4/geronimo-spec-jms-1.1-rc4.jar:/home/jadg/.m2/repository/excalibur-instrument/excalibur-instrument-api/2.1/excalibur-instrument-api-2.1.jar:/home/jadg/.m2/repository/concurrent/concurrent/1.3.4/concurrent-1.3.4.jar:/home/jadg/.m2/repository/excalibur-component/excalibur-testcase/2.1/excalibur-testcase-2.1.jar:/home/jadg/.m2/repository/excalibur-component/excalibur-component/2.1/excalibur-component-2.1.jar:/home/jadg/.m2/repository/excalibur-instrument/excalibur-instrument-mgr-api/2.1/excalibur-instrument-mgr-api-2.1.jar:/home/jadg/.m2/repository/excalibur-instrument/excalibur-instrument-mgr-impl/2.1/excalibur-instrument-mgr-impl-2.1.jar:/home/jadg/.m2/repository/qdox/qdox/1.5/qdox-1.5.jar:/home/jadg/.m2/repository/excalibur-instrument/excalibur-instrument/1.0/excalibur-instrument-1.0.jar:/home/jadg/.m2/repository/excalibur-logger/excalibur-logger/1.1/excalibur-logger-1.1.jar:/home/jadg/.m2/repository/excalibur-pool/excalibur-pool-api/2.1/excalibur-pool-api-2.1.jar:/home/jadg/.m2/repository/excalibur-pool/excalibur-pool-impl/2.1/excalibur-pool-impl-2.1.jar:/home/jadg/.m2/repository/junitperf/junitperf/1.8/junitperf-1.8.jar:/home/jadg/.m2/repository/excalibur-pool/excalibur-pool-instrumented/2.1/excalibur-pool-instrumented-2.1.jar:/home/jadg/.m2/repository/org/htmlparser/htmllexer/2.1/htmllexer-2.1.jar:/home/jadg/.m2/repository/org/htmlparser/htmlparser/2.1/htmlparser-2.1.jar:/home/jadg/.m2/repository/org/jdom/jdom/1.1.3/jdom-1.1.3.jar:/home/jadg/.m2/repository/junit/junit/4.12/junit-4.12.jar:/home/jadg/.m2/repository/org/hamcrest/hamcrest-core/1.3/hamcrest-core-1.3.jar:/home/jadg/.m2/repository/logkit/logkit/2.0/logkit-2.0.jar:/home/jadg/.m2/repository/soap/soap/2.3.1/soap-2.3.1.jar:/home/jadg/.m2/repository/org/apache/geronimo/specs/geronimo-jms_1.1_spec/1.1.1/geronimo-jms_1.1_spec-1.1.1.jar:/home/jadg/.m2/repository/org/mongodb/mongo-java-driver/2.11.3/mongo-java-driver-2.11.3.jar:/home/jadg/.m2/repository/org/slf4j/slf4j-nop/1.7.10/slf4j-nop-1.7.10.jar:"/>
    <property name="java.vm.vendor" value="Private Build"/>
    <property name="sun.arch.data.model" value="64"/>
    <property name="java.vendor.url" value="Unknown"/>
    <property name="os.name" value="Linux"/>
    <property name="java.vm.specification.version" value="19"/>
    <property name="sun.java.launcher" value="SUN_STANDARD"/>
    <property name="user.country" value="AR"/>
    <property name="sun.boot.library.path" value="/usr/lib/jvm/java-19-openjdk-amd64/lib"/>
    <property name="sun.java.command" value="/home/jadg/Documentos/egg4/performance/clase_06_jmeter_java/jmeter01/target/surefire/surefirebooter-20231018201611130_3.jar /home/jadg/Documentos/egg4/performance/clase_06_jmeter_java/jmeter01/target/surefire 2023-10-18T20-16-10_805-jvmRun1 surefire-20231018201611130_1tmp surefire_0-20231018201611130_2tmp"/>
    <property name="jdk.debug" value="release"/>
    <property name="surefire.test.class.path" value="/home/jadg/Documentos/egg4/performance/clase_06_jmeter_java/jmeter01/target/test-classes:/home/jadg/Documentos/egg4/performance/clase_06_jmeter_java/jmeter01/target/classes:/home/jadg/.m2/repository/org/junit/jupiter/junit-jupiter-engine/5.9.2/junit-jupiter-engine-5.9.2.jar:/home/jadg/.m2/repository/org/junit/platform/junit-platform-engine/1.9.2/junit-platform-engine-1.9.2.jar:/home/jadg/.m2/repository/org/opentest4j/opentest4j/1.2.0/opentest4j-1.2.0.jar:/home/jadg/.m2/repository/org/junit/platform/junit-platform-commons/1.9.2/junit-platform-commons-1.9.2.jar:/home/jadg/.m2/repository/org/junit/jupiter/junit-jupiter-api/5.9.2/junit-jupiter-api-5.9.2.jar:/home/jadg/.m2/repository/org/apiguardian/apiguardian-api/1.1.2/apiguardian-api-1.1.2.jar:/home/jadg/.m2/repository/org/apache/jmeter/ApacheJMeter_java/5.4.1/ApacheJMeter_java-5.4.1.jar:/home/jadg/.m2/repository/org/apache/commons/commons-lang3/3.11/commons-lang3-3.11.jar:/home/jadg/.m2/repository/commons-io/commons-io/2.8.0/commons-io-2.8.0.jar:/home/jadg/.m2/repository/org/apache/jmeter/ApacheJMeter_core/5.4.1/ApacheJMeter_core-5.4.1.jar:/home/jadg/.m2/repository/org/apache/jmeter/ApacheJMeter/5.4.1/ApacheJMeter-5.4.1.jar:/home/jadg/.m2/repository/org/apache/jmeter/jorphan/5.4.1/jorphan-5.4.1.jar:/home/jadg/.m2/repository/org/slf4j/slf4j-api/1.7.30/slf4j-api-1.7.30.jar:/home/jadg/.m2/repository/bsf/bsf/2.4.0/bsf-2.4.0.jar:/home/jadg/.m2/repository/commons-logging/commons-logging/1.0.4/commons-logging-1.0.4.jar:/home/jadg/.m2/repository/com/fifesoft/rsyntaxtextarea/3.1.1/rsyntaxtextarea-3.1.1.jar:/home/jadg/.m2/repository/net/sf/jtidy/jtidy/r938/jtidy-r938.jar:/home/jadg/.m2/repository/com/thoughtworks/xstream/xstream/1.4.15/xstream-1.4.15.jar:/home/jadg/.m2/repository/xmlpull/xmlpull/1.1.3.1/xmlpull-1.1.3.1.jar:/home/jadg/.m2/repository/xpp3/xpp3_min/1.1.4c/xpp3_min-1.1.4c.jar:/home/jadg/.m2/repository/org/apache/logging/log4j/log4j-1.2-api/2.13.3/log4j-1.2-api-2.13.3.jar:/home/jadg/.m2/repository/org/apache/logging/log4j/log4j-api/2.13.3/log4j-api-2.13.3.jar:/home/jadg/.m2/repository/org/apache/logging/log4j/log4j-core/2.13.3/log4j-core-2.13.3.jar:/home/jadg/.m2/repository/org/apache/logging/log4j/log4j-slf4j-impl/2.13.3/log4j-slf4j-impl-2.13.3.jar:/home/jadg/.m2/repository/oro/oro/2.0.8/oro-2.0.8.jar:/home/jadg/.m2/repository/xalan/xalan/2.7.2/xalan-2.7.2.jar:/home/jadg/.m2/repository/xalan/serializer/2.7.2/serializer-2.7.2.jar:/home/jadg/.m2/repository/net/sf/saxon/Saxon-HE/9.9.1-8/Saxon-HE-9.9.1-8.jar:/home/jadg/.m2/repository/com/fasterxml/jackson/core/jackson-annotations/2.10.5/jackson-annotations-2.10.5.jar:/home/jadg/.m2/repository/com/fasterxml/jackson/core/jackson-core/2.10.5/jackson-core-2.10.5.jar:/home/jadg/.m2/repository/com/fasterxml/jackson/core/jackson-databind/2.10.5/jackson-databind-2.10.5.jar:/home/jadg/.m2/repository/com/formdev/svgSalamander/1.1.2.3/svgSalamander-1.1.2.3.jar:/home/jadg/.m2/repository/com/github/ben-manes/caffeine/caffeine/2.8.8/caffeine-2.8.8.jar:/home/jadg/.m2/repository/org/checkerframework/checker-qual/3.8.0/checker-qual-3.8.0.jar:/home/jadg/.m2/repository/com/google/errorprone/error_prone_annotations/2.4.0/error_prone_annotations-2.4.0.jar:/home/jadg/.m2/repository/com/github/weisj/darklaf-core/2.5.4/darklaf-core-2.5.4.jar:/home/jadg/.m2/repository/com/github/weisj/darklaf-utils/2.5.4/darklaf-utils-2.5.4.jar:/home/jadg/.m2/repository/com/github/weisj/darklaf-native-utils/2.5.4/darklaf-native-utils-2.5.4.jar:/home/jadg/.m2/repository/com/github/weisj/darklaf-platform-base/2.5.4/darklaf-platform-base-2.5.4.jar:/home/jadg/.m2/repository/com/github/weisj/darklaf-windows/2.5.4/darklaf-windows-2.5.4.jar:/home/jadg/.m2/repository/net/java/dev/jna/jna/5.5.0/jna-5.5.0.jar:/home/jadg/.m2/repository/com/github/weisj/darklaf-macos/2.5.4/darklaf-macos-2.5.4.jar:/home/jadg/.m2/repository/org/swinglabs/jxlayer/3.0.4/jxlayer-3.0.4.jar:/home/jadg/.m2/repository/com/github/weisj/darklaf-theme/2.5.4/darklaf-theme-2.5.4.jar:/home/jadg/.m2/repository/com/github/weisj/darklaf-property-loader/2.5.4/darklaf-property-loader-2.5.4.jar:/home/jadg/.m2/repository/com/github/weisj/darklaf-extensions-rsyntaxarea/0.3.4/darklaf-extensions-rsyntaxarea-0.3.4.jar:/home/jadg/.m2/repository/com/miglayout/miglayout-swing/5.2/miglayout-swing-5.2.jar:/home/jadg/.m2/repository/com/miglayout/miglayout-core/5.2/miglayout-core-5.2.jar:/home/jadg/.m2/repository/commons-codec/commons-codec/1.15/commons-codec-1.15.jar:/home/jadg/.m2/repository/commons-collections/commons-collections/3.2.2/commons-collections-3.2.2.jar:/home/jadg/.m2/repository/org/apache/commons/commons-collections4/4.4/commons-collections4-4.4.jar:/home/jadg/.m2/repository/org/apache/commons/commons-math3/3.6.1/commons-math3-3.6.1.jar:/home/jadg/.m2/repository/org/apache/commons/commons-text/1.9/commons-text-1.9.jar:/home/jadg/.m2/repository/org/apache/tika/tika-core/1.24.1/tika-core-1.24.1.jar:/home/jadg/.m2/repository/org/apache/xmlgraphics/xmlgraphics-commons/2.3/xmlgraphics-commons-2.3.jar:/home/jadg/.m2/repository/org/freemarker/freemarker/2.3.30/freemarker-2.3.30.jar:/home/jadg/.m2/repository/org/jodd/jodd-core/5.0.13/jodd-core-5.0.13.jar:/home/jadg/.m2/repository/org/jodd/jodd-props/5.0.13/jodd-props-5.0.13.jar:/home/jadg/.m2/repository/org/mozilla/rhino/1.7.13/rhino-1.7.13.jar:/home/jadg/.m2/repository/org/slf4j/jcl-over-slf4j/1.7.30/jcl-over-slf4j-1.7.30.jar:/home/jadg/.m2/repository/org/codehaus/groovy/groovy/3.0.7/groovy-3.0.7.jar:/home/jadg/.m2/repository/org/codehaus/groovy/groovy-dateutil/3.0.7/groovy-dateutil-3.0.7.jar:/home/jadg/.m2/repository/org/codehaus/groovy/groovy-datetime/3.0.7/groovy-datetime-3.0.7.jar:/home/jadg/.m2/repository/org/codehaus/groovy/groovy-jmx/3.0.7/groovy-jmx-3.0.7.jar:/home/jadg/.m2/repository/org/codehaus/groovy/groovy-json/3.0.7/groovy-json-3.0.7.jar:/home/jadg/.m2/repository/org/codehaus/groovy/groovy-jsr223/3.0.7/groovy-jsr223-3.0.7.jar:/home/jadg/.m2/repository/org/codehaus/groovy/groovy-sql/3.0.7/groovy-sql-3.0.7.jar:/home/jadg/.m2/repository/org/codehaus/groovy/groovy-templates/3.0.7/groovy-templates-3.0.7.jar:/home/jadg/.m2/repository/org/codehaus/groovy/groovy-xml/3.0.7/groovy-xml-3.0.7.jar:/home/jadg/.m2/repository/org/apache/tika/tika-parsers/1.24.1/tika-parsers-1.24.1.jar:/home/jadg/.m2/repository/xerces/xercesImpl/2.12.0/xercesImpl-2.12.0.jar:/home/jadg/.m2/repository/xml-apis/xml-apis/1.4.01/xml-apis-1.4.01.jar:/home/jadg/.m2/repository/org/apache/jmeter/ApacheJMeter_http/5.4.1/ApacheJMeter_http-5.4.1.jar:/home/jadg/.m2/repository/org/jodd/jodd-lagarto/5.0.13/jodd-lagarto-5.0.13.jar:/home/jadg/.m2/repository/org/jsoup/jsoup/1.13.1/jsoup-1.13.1.jar:/home/jadg/.m2/repository/commons-net/commons-net/3.7.2/commons-net-3.7.2.jar:/home/jadg/.m2/repository/com/helger/ph-commons/9.5.1/ph-commons-9.5.1.jar:/home/jadg/.m2/repository/com/helger/ph-css/6.2.3/ph-css-6.2.3.jar:/home/jadg/.m2/repository/dnsjava/dnsjava/2.1.9/dnsjava-2.1.9.jar:/home/jadg/.m2/repository/org/apache/httpcomponents/httpmime/4.5.12/httpmime-4.5.12.jar:/home/jadg/.m2/repository/org/apache/httpcomponents/httpclient/4.5.12/httpclient-4.5.12.jar:/home/jadg/.m2/repository/org/apache/httpcomponents/httpcore/4.4.13/httpcore-4.4.13.jar:/home/jadg/.m2/repository/org/brotli/dec/0.1.2/dec-0.1.2.jar:/home/jadg/.m2/repository/org/apache/jmeter/ApacheJMeter_components/5.4.1/ApacheJMeter_components-5.4.1.jar:/home/jadg/.m2/repository/org/apache-extras/beanshell/bsh/2.0b6/bsh-2.0b6.jar:/home/jadg/.m2/repository/javax/mail/mail/1.5.0-b01/mail-1.5.0-b01.jar:/home/jadg/.m2/repository/io/burt/jmespath-core/0.5.0/jmespath-core-0.5.0.jar:/home/jadg/.m2/repository/io/burt/jmespath-jackson/0.5.0/jmespath-jackson-0.5.0.jar:/home/jadg/.m2/repository/jcharts/jcharts/0.7.5/jcharts-0.7.5.jar:/home/jadg/.m2/repository/net/minidev/json-smart/2.3/json-smart-2.3.jar:/home/jadg/.m2/repository/net/minidev/accessors-smart/1.2/accessors-smart-1.2.jar:/home/jadg/.m2/repository/org/apache/commons/commons-pool2/2.9.0/commons-pool2-2.9.0.jar:/home/jadg/.m2/repository/org/ow2/asm/asm/9.0/asm-9.0.jar:/home/jadg/.m2/repository/org/jodd/jodd-log/5.0.13/jodd-log-5.0.13.jar:/home/jadg/.m2/repository/com/jayway/jsonpath/json-path/2.4.0/json-path-2.4.0.jar:/home/jadg/.m2/repository/org/apache/httpcomponents/httpasyncclient/4.1.4/httpasyncclient-4.1.4.jar:/home/jadg/.m2/repository/org/apache/httpcomponents/httpcore-nio/4.4.13/httpcore-nio-4.4.13.jar:/home/jadg/.m2/repository/com/sun/activation/javax.activation/1.2.0/javax.activation-1.2.0.jar:/home/jadg/.m2/repository/kg/apc/jmeter-plugins-common/1.4.0/jmeter-plugins-common-1.4.0.jar:/home/jadg/.m2/repository/org/apache/jmeter/ApacheJMeter_tcp/2.13/ApacheJMeter_tcp-2.13.jar:/home/jadg/.m2/repository/avalon-framework/avalon-framework/4.1.4/avalon-framework-4.1.4.jar:/home/jadg/.m2/repository/org/beanshell/bsh/2.0b5/bsh-2.0b5.jar:/home/jadg/.m2/repository/org/bouncycastle/bcmail-jdk15on/1.49/bcmail-jdk15on-1.49.jar:/home/jadg/.m2/repository/org/bouncycastle/bcprov-jdk15on/1.49/bcprov-jdk15on-1.49.jar:/home/jadg/.m2/repository/org/bouncycastle/bcpkix-jdk15on/1.49/bcpkix-jdk15on-1.49.jar:/home/jadg/.m2/repository/commons-httpclient/commons-httpclient/3.1/commons-httpclient-3.1.jar:/home/jadg/.m2/repository/commons-jexl/commons-jexl/1.1/commons-jexl-1.1.jar:/home/jadg/.m2/repository/org/apache/commons/commons-jexl/2.1.1/commons-jexl-2.1.1.jar:/home/jadg/.m2/repository/excalibur-datasource/excalibur-datasource/2.1/excalibur-datasource-2.1.jar:/home/jadg/.m2/repository/hsqldb/hsqldb/1.8.0.1/hsqldb-1.8.0.1.jar:/home/jadg/.m2/repository/avalon-framework/avalon-framework-api/4.3/avalon-framework-api-4.3.jar:/home/jadg/.m2/repository/avalon-framework/avalon-framework-impl/4.3/avalon-framework-impl-4.3.jar:/home/jadg/.m2/repository/xml-apis/xmlParserAPIs/2.0.2/xmlParserAPIs-2.0.2.jar:/home/jadg/.m2/repository/log4j/log4j/1.2.11/log4j-1.2.11.jar:/home/jadg/.m2/repository/jmock/jmock/1.0.1/jmock-1.0.1.jar:/home/jadg/.m2/repository/avalon-logkit/avalon-logkit/2.1/avalon-logkit-2.1.jar:/home/jadg/.m2/repository/javax/servlet/servlet-api/2.3/servlet-api-2.3.jar:/home/jadg/.m2/repository/geronimo-spec/geronimo-spec-javamail/1.3.1-rc3/geronimo-spec-javamail-1.3.1-rc3.jar:/home/jadg/.m2/repository/geronimo-spec/geronimo-spec-jms/1.1-rc4/geronimo-spec-jms-1.1-rc4.jar:/home/jadg/.m2/repository/excalibur-instrument/excalibur-instrument-api/2.1/excalibur-instrument-api-2.1.jar:/home/jadg/.m2/repository/concurrent/concurrent/1.3.4/concurrent-1.3.4.jar:/home/jadg/.m2/repository/excalibur-component/excalibur-testcase/2.1/excalibur-testcase-2.1.jar:/home/jadg/.m2/repository/excalibur-component/excalibur-component/2.1/excalibur-component-2.1.jar:/home/jadg/.m2/repository/excalibur-instrument/excalibur-instrument-mgr-api/2.1/excalibur-instrument-mgr-api-2.1.jar:/home/jadg/.m2/repository/excalibur-instrument/excalibur-instrument-mgr-impl/2.1/excalibur-instrument-mgr-impl-2.1.jar:/home/jadg/.m2/repository/qdox/qdox/1.5/qdox-1.5.jar:/home/jadg/.m2/repository/excalibur-instrument/excalibur-instrument/1.0/excalibur-instrument-1.0.jar:/home/jadg/.m2/repository/excalibur-logger/excalibur-logger/1.1/excalibur-logger-1.1.jar:/home/jadg/.m2/repository/excalibur-pool/excalibur-pool-api/2.1/excalibur-pool-api-2.1.jar:/home/jadg/.m2/repository/excalibur-pool/excalibur-pool-impl/2.1/excalibur-pool-impl-2.1.jar:/home/jadg/.m2/repository/junitperf/junitperf/1.8/junitperf-1.8.jar:/home/jadg/.m2/repository/excalibur-pool/excalibur-pool-instrumented/2.1/excalibur-pool-instrumented-2.1.jar:/home/jadg/.m2/repository/org/htmlparser/htmllexer/2.1/htmllexer-2.1.jar:/home/jadg/.m2/repository/org/htmlparser/htmlparser/2.1/htmlparser-2.1.jar:/home/jadg/.m2/repository/org/jdom/jdom/1.1.3/jdom-1.1.3.jar:/home/jadg/.m2/repository/junit/junit/4.12/junit-4.12.jar:/home/jadg/.m2/repository/org/hamcrest/hamcrest-core/1.3/hamcrest-core-1.3.jar:/home/jadg/.m2/repository/logkit/logkit/2.0/logkit-2.0.jar:/home/jadg/.m2/repository/soap/soap/2.3.1/soap-2.3.1.jar:/home/jadg/.m2/repository/org/apache/geronimo/specs/geronimo-jms_1.1_spec/1.1.1/geronimo-jms_1.1_spec-1.1.1.jar:/home/jadg/.m2/repository/org/mongodb/mongo-java-driver/2.11.3/mongo-java-driver-2.11.3.jar:/home/jadg/.m2/repository/org/slf4j/slf4j-nop/1.7.10/slf4j-nop-1.7.10.jar:"/>
    <property name="sun.cpu.endian" value="little"/>
    <property name="user.home" value="/home/jadg"/>
    <property name="user.language" value="es"/>
    <property name="java.specification.vendor" value="Oracle Corporation"/>
    <property name="java.version.date" value="2023-01-17"/>
    <property name="java.home" value="/usr/lib/jvm/java-19-openjdk-amd64"/>
    <property name="file.separator" value="/"/>
    <property name="basedir" value="/home/jadg/Documentos/egg4/performance/clase_06_jmeter_java/jmeter01"/>
    <property name="java.vm.compressedOopsMode" value="Zero based"/>
    <property name="line.separator" value="&#10;"/>
    <property name="java.specification.name" value="Java Platform API Specification"/>
    <property name="java.vm.specification.vendor" value="Oracle Corporation"/>
    <property name="surefire.real.class.path" value="/home/jadg/Documentos/egg4/performance/clase_06_jmeter_java/jmeter01/target/surefire/surefirebooter-20231018201611130_3.jar"/>
    <property name="sun.management.compiler" value="HotSpot 64-Bit Tiered Compilers"/>
    <property name="java.runtime.version" value="19.0.2+7-Ubuntu-0ubuntu322.04"/>
    <property name="user.name" value="jadg"/>
    <property name="stdout.encoding" value="UTF-8"/>
    <property name="path.separator" value=":"/>
    <property name="os.version" value="6.2.0-34-generic"/>
    <property name="java.runtime.name" value="OpenJDK Runtime Environment"/>
    <property name="file.encoding" value="UTF-8"/>
    <property name="java.vm.name" value="OpenJDK 64-Bit Server VM"/>
    <property name="localRepository" value="/home/jadg/.m2/repository"/>
    <property name="java.vendor.url.bug" value="Unknown"/>
    <property name="java.io.tmpdir" value="/tmp"/>
    <property name="java.version" value="19.0.2"/>
    <property name="user.dir" value="/home/jadg/Documentos/egg4/performance/clase_06_jmeter_java/jmeter01"/>
    <property name="os.arch" value="amd64"/>
    <property name="java.vm.specification.name" value="Java Virtual Machine Specification"/>
    <property name="native.encoding" value="UTF-8"/>
    <property name="java.library.path" value="/usr/java/packages/lib:/usr/lib/x86_64-linux-gnu/jni:/lib/x86_64-linux-gnu:/usr/lib/x86_64-linux-gnu:/usr/lib/jni:/lib:/usr/lib"/>
    <property name="java.vm.info" value="mixed mode, sharing"/>
    <property name="stderr.encoding" value="UTF-8"/>
    <property name="java.vendor" value="Private Build"/>
    <property name="java.vm.version" value="19.0.2+7-Ubuntu-0ubuntu322.04"/>
    <property name="sun.io.unicode.encoding" value="UnicodeLittle"/>
    <property name="java.class.version" value="63.0"/>
  </properties>
  <testcase name="shouldAnswerWithTrue" classname="org.jadg.ApplicationTest" time="0.051"/>
</testsuite>